Name of the script: /Users/stu/git/tripschedule/drivestomorrow.py
{'Raph', 'Stu'}
Name of the script: /Users/stu/git/tripschedule/drivestomorrow.py
{'Connor O', 'Raph', 'Connor M', 'Gunnar'}
Name of the script: /Users/stu/git/tripschedule/drivestomorrow.py
{'Connor O', 'Gunnar', 'Connor M', 'Raph'}
Name of the script: /Users/stu/git/tripschedule/drivestomorrow.py
{'Connor O', 'Jamie', 'Stu'}
Name of the script: /Users/stu/git/tripschedule/drivestomorrow.py
{'Jamie', 'Stu', 'Connor O'}
Name of the script: /Users/stu/git/tripschedule/drivestomorrow.py
{'Stu', 'Connor M', 'Jamie', 'Gunnar'}
Name of the script: /Users/stu/git/tripschedule/drivestomorrow.py
{'Connor M', 'Stu', 'Jamie', 'Gunnar'}
Name of the script: /Users/stu/git/tripschedule/drivestomorrow.py
{'Gunnar', 'Haley', 'Stu'}
Name of the script: /Users/stu/git/tripschedule/drivestomorrow.py
{'Gunnar', 'Haley', 'Stu'}
Name of the script: /Users/stu/git/tripschedule/drivestomorrow.py
{'Jamie', 'Zoe', 'Connor O', 'Gunnar'}
Name of the script: /Users/stu/git/tripschedule/drivestomorrow.py
{'Gunnar', 'Jamie', 'Zoe', 'Connor O'}
Name of the script: /Users/stu/git/tripschedule/drivestomorrow.py
set()
Name of the script: /Users/stu/git/tripschedule/drivestomorrow.py
set()
Name of the script: /Users/stu/git/tripschedule/drivestomorrow.py
set()
Name of the script: /Users/stu/git/tripschedule/drivestomorrow.py
{'Raph'}
Name of the script: /Users/stu/git/tripschedule/drivestomorrow.py
{'Gunnar'}
Name of the script: /Users/stu/git/tripschedule/drivestomorrow.py
{'Connor O', 'Gunnar', 'Connor M', 'Jamie'}
Name of the script: /Users/stu/git/tripschedule/drivestomorrow.py
{'Haley', 'Gunnar', 'Stu'}
Name of the script: /Users/stu/git/tripschedule/drivestomorrow.py
{'Jamie', 'Stu', 'Gunnar'}
Name of the script: /Users/stu/git/tripschedule/drivestomorrow.py
{'Connor O', 'Gunnar', 'Raph'}
Name of the script: /Users/stu/git/tripschedule/drivestomorrow.py
{'Connor O', 'Raph', 'Haley'}
Name of the script: /Users/stu/git/tripschedule/drivestomorrow.py
{'Stu', 'Derek', 'Raph', 'Jamie'}
Name of the script: /Users/stu/git/tripschedule/drivestomorrow.py
set()
Name of the script: /Users/stu/git/tripschedule/drivestomorrow.py
set()
Name of the script: /Users/stu/git/tripschedule/drivestomorrow.py
set()
Name of the script: /Users/stu/git/tripschedule/drivestomorrow.py
set()
Name of the script: /Users/stu/git/tripschedule/drivestomorrow.py
set()
Name of the script: /Users/stu/git/tripschedule/drivestomorrow.py
set()
Name of the script: /Users/stu/git/tripschedule/drivestomorrow.py
set()
Name of the script: /Users/stu/git/tripschedule/drivestomorrow.py
set()
Name of the script: /Users/stu/git/tripschedule/drivestomorrow.py
set()
Name of the script: /Users/stu/git/tripschedule/drivestomorrow.py
set()
Name of the script: /Users/stu/git/tripschedule/drivestomorrow.py
set()
Name of the script: /Users/stu/git/tripschedule/drivestomorrow.py
set()
Name of the script: /Users/stu/git/tripschedule/drivestomorrow.py
set()
Name of the script: /Users/stu/git/tripschedule/drivestomorrow.py
set()
Name of the script: /Users/stu/git/tripschedule/drivestomorrow.py
set()
Name of the script: /Users/stu/git/tripschedule/drivestomorrow.py
set()
Name of the script: /Users/stu/git/tripschedule/drivestomorrow.py
set()
Name of the script: /Users/stu/git/tripschedule/drivestomorrow.py
set()
Name of the script: /Users/stu/git/tripschedule/drivestomorrow.py
set()
Name of the script: /Users/stu/git/tripschedule/drivestomorrow.py
set()
Name of the script: /Users/stu/git/tripschedule/drivestomorrow.py
set()
Name of the script: /Users/stu/git/tripschedule/drivestomorrow.py
set()
Name of the script: /Users/stu/git/tripschedule/drivestomorrow.py
set()
Name of the script: /Users/stu/git/tripschedule/drivestomorrow.py
set()
Name of the script: /Users/stu/git/tripschedule/drivestomorrow.py
set()
Name of the script: /Users/stu/git/tripschedule/drivestomorrow.py
set()
Name of the script: /Users/stu/git/tripschedule/drivestomorrow.py
set()
Name of the script: /Users/stu/git/tripschedule/drivestomorrow.py
set()
Name of the script: /Users/stu/git/tripschedule/drivestomorrow.py
set()
Name of the script: /Users/stu/git/tripschedule/drivestomorrow.py
set()
